vector-app/build/intermediates/manifest_merge_blame_file/gplayDebug/processGplayDebugMainManifest/manifest-merger-blame-gplay-debug-report.txt
1<?xml version="1.0" encoding="utf-8"?>
2<manifest xmlns:android="http://schemas.android.com/apk/res/android"
3    package="im.vector.app.debug"
4    android:versionCode="40106500"
5    android:versionName="1.6.50" >
6
7    <uses-sdk
8        android:minSdkVersion="21"
9        android:targetSdkVersion="35" />
10
11    <!-- Needed for VOIP call to detect and switch to headset -->
12    <uses-permission
12-->[:vector] AndroidManifest.xml:10:5-12:38
13        android:name="android.permission.BLUETOOTH"
13-->[:vector] AndroidManifest.xml:11:9-52
14        android:maxSdkVersion="30" />
14-->[:vector] AndroidManifest.xml:12:9-35
15    <uses-permission android:name="android.permission.BLUETOOTH_CONNECT" />
15-->[:vector] AndroidManifest.xml:13:5-76
15-->[:vector] AndroidManifest.xml:13:22-73
16    <uses-permission android:name="android.permission.INTERNET" />
16-->[:vector] AndroidManifest.xml:14:5-67
16-->[:vector] AndroidManifest.xml:14:22-64
17    <uses-permission android:name="android.permission.READ_CONTACTS" />
17-->[:vector] AndroidManifest.xml:15:5-72
17-->[:vector] AndroidManifest.xml:15:22-69
18    <uses-permission android:name="android.permission.FOREGROUND_SERVICE" />
18-->[:vector] AndroidManifest.xml:16:5-77
18-->[:vector] AndroidManifest.xml:16:22-74
19    <uses-permission android:name="android.permission.VIBRATE" />
19-->[:vector] AndroidManifest.xml:17:5-66
19-->[:vector] AndroidManifest.xml:17:22-63
20    <uses-permission android:name="android.permission.CAMERA" />
20-->[:vector] AndroidManifest.xml:18:5-65
20-->[:vector] AndroidManifest.xml:18:22-62
21    <uses-permission android:name="android.permission.RECORD_AUDIO" />
21-->[:vector] AndroidManifest.xml:19:5-71
21-->[:vector] AndroidManifest.xml:19:22-68
22    <uses-permission android:name="android.permission.READ_EXTERNAL_STORAGE" />
22-->[:vector] AndroidManifest.xml:20:5-80
22-->[:vector] AndroidManifest.xml:20:22-77
23    <uses-permission android:name="android.permission.ACCESS_NETWORK_STATE" /> <!-- https://developer.android.com/develop/ui/views/notifications/notification-permission#exemptions -->
23-->[:vector] AndroidManifest.xml:21:5-79
23-->[:vector] AndroidManifest.xml:21:22-76
24    <uses-permission android:name="android.permission.POST_NOTIFICATIONS" /> <!-- Call feature -->
24-->[:vector] AndroidManifest.xml:24:5-77
24-->[:vector] AndroidManifest.xml:24:22-74
25    <uses-permission android:name="android.permission.MANAGE_OWN_CALLS" /> <!-- Commented because Google PlayStore does not like we add permission if we are not requiring it. And it was added for future use -->
25-->[:vector] AndroidManifest.xml:27:5-75
25-->[:vector] AndroidManifest.xml:27:22-72
26    <!-- uses-permission android:name="android.permission.READ_CALL_LOG" / -->
27    <!-- Needed for voice call to toggle speaker on or off -->
28    <uses-permission android:name="android.permission.MODIFY_AUDIO_SETTINGS" />
28-->[:vector] AndroidManifest.xml:31:5-80
28-->[:vector] AndroidManifest.xml:31:22-77
29    <!--
30         READ_PHONE_STATE is needed only if your calling app reads numbers from the `PHONE_STATE`
31            intent action.
32    -->
33    <!-- Needed to show incoming calls activity in lock screen -->
34    <uses-permission android:name="android.permission.USE_FULL_SCREEN_INTENT" />
34-->[:vector] AndroidManifest.xml:39:5-81
34-->[:vector] AndroidManifest.xml:39:22-78
35    <uses-permission android:name="android.permission.WAKE_LOCK" /> <!-- Needed for incoming calls -->
35-->[:vector] AndroidManifest.xml:40:5-68
35-->[:vector] AndroidManifest.xml:40:22-65
36    <uses-permission android:name="android.permission.SYSTEM_ALERT_WINDOW" /> <!-- To be able to install APK from the application -->
36-->[:vector] AndroidManifest.xml:42:5-78
36-->[:vector] AndroidManifest.xml:42:22-75
37    <uses-permission android:name="android.permission.REQUEST_INSTALL_PACKAGES" /> <!-- Location Sharing -->
37-->[:vector] AndroidManifest.xml:45:5-83
37-->[:vector] AndroidManifest.xml:45:22-80
38    <uses-permission android:name="android.permission.ACCESS_COARSE_LOCATION" />
38-->[:vector] AndroidManifest.xml:48:5-81
38-->[:vector] AndroidManifest.xml:48:22-78
39    <uses-permission android:name="android.permission.ACCESS_FINE_LOCATION" /> <!-- For CallAndroidService -->
39-->[:vector] AndroidManifest.xml:49:5-79
39-->[:vector] AndroidManifest.xml:49:22-76
40    <uses-permission android:name="android.permission.FOREGROUND_SERVICE_PHONE_CALL" /> <!-- For VectorSyncAndroidService -->
40-->[:vector] AndroidManifest.xml:52:5-88
40-->[:vector] AndroidManifest.xml:52:22-85
41    <uses-permission android:name="android.permission.FOREGROUND_SERVICE_DATA_SYNC" /> <!-- For LocationSharingAndroidService -->
41-->[:vector] AndroidManifest.xml:55:5-87
41-->[:vector] AndroidManifest.xml:55:22-84
42    <uses-permission android:name="android.permission.FOREGROUND_SERVICE_LOCATION" /> <!-- For ScreenCaptureAndroidService -->
42-->[:vector] AndroidManifest.xml:58:5-86
42-->[:vector] AndroidManifest.xml:58:22-83
43    <uses-permission android:name="android.permission.FOREGROUND_SERVICE_MEDIA_PROJECTION" /> <!-- For MicrophoneAccessService -->
43-->[:vector] AndroidManifest.xml:61:5-94
43-->[:vector] AndroidManifest.xml:61:22-91
44    <uses-permission android:name="android.permission.FOREGROUND_SERVICE_MICROPHONE" /> <!-- Adding CAMERA permission prevents Chromebooks to see the application on the PlayStore -->
44-->[:vector] AndroidManifest.xml:64:5-88
44-->[:vector] AndroidManifest.xml:64:22-85
45    <!-- Tell that the Camera is not mandatory to install the application -->
46    <uses-feature
46-->[:vector] AndroidManifest.xml:68:5-70:36
47        android:name="android.hardware.camera"
47-->[:vector] AndroidManifest.xml:69:9-47
48        android:required="false" />
48-->[:vector] AndroidManifest.xml:70:9-33
49    <uses-feature
49-->[:vector] AndroidManifest.xml:71:5-73:36
50        android:name="android.hardware.camera.autofocus"
50-->[:vector] AndroidManifest.xml:72:9-57
51        android:required="false" /> <!-- Since Android 11, see https://developer.android.com/training/package-visibility -->
51-->[:vector] AndroidManifest.xml:73:9-33
52    <queries>
52-->[:vector] AndroidManifest.xml:76:5-95:15
53
54        <!--
55         To open URL in CustomTab (prefetch, etc.). It makes CustomTabsClient.getPackageName() work
56         see https://developer.android.com/training/package-visibility/use-cases#open-urls-custom-tabs
57        -->
58        <intent>
58-->[:vector] AndroidManifest.xml:82:9-84:18
59            <action android:name="android.support.customtabs.action.CustomTabsService" />
59-->[:vector] AndroidManifest.xml:83:13-90
59-->[:vector] AndroidManifest.xml:83:21-87
60        </intent>
61
62        <!--
63        The app can open attachments of any mime type
64        see https://developer.android.com/training/package-visibility/use-cases#open-a-file
65        -->
66        <intent>
66-->[:vector] AndroidManifest.xml:90:9-94:18
67            <action android:name="android.intent.action.VIEW" />
67-->[:vector] AndroidManifest.xml:91:13-65
67-->[:vector] AndroidManifest.xml:91:21-62
68
69            <data android:mimeType="*/*" />
69-->[:vector] AndroidManifest.xml:93:13-44
69-->[:vector] AndroidManifest.xml:93:19-41
70        </intent>
71        <intent>
71-->[com.github.UnifiedPush:android-connector:2.1.1] AndroidManifest.xml:12:9-14:18
72            <action android:name="org.unifiedpush.android.distributor.REGISTER" />
72-->[:vector] AndroidManifest.xml:466:17-87
72-->[:vector] AndroidManifest.xml:466:25-84
73        </intent>
74        <intent>
74-->[com.github.UnifiedPush:android-connector:2.1.1] AndroidManifest.xml:15:9-17:18
75            <action android:name="org.unifiedpush.android.distributor.UNREGISTER" />
75-->[com.github.UnifiedPush:android-connector:2.1.1] AndroidManifest.xml:16:13-85
75-->[com.github.UnifiedPush:android-connector:2.1.1] AndroidManifest.xml:16:21-82
76        </intent>
77    </queries>
78
79    <uses-permission android:name="android.permission.ACCESS_WIFI_STATE" /> <!-- TODO Is WRITE_EXTERNAL_STORAGE necessary? -->
79-->[com.facebook.flipper:flipper:0.259.0] AndroidManifest.xml:14:5-76
79-->[com.facebook.flipper:flipper:0.259.0] AndroidManifest.xml:14:22-73
80    <uses-permission android:name="android.permission.WRITE_EXTERNAL_STORAGE" />
80-->[:matrix-sdk-android] AndroidManifest.xml:11:5-81
80-->[:matrix-sdk-android] AndroidManifest.xml:11:22-78
81    <uses-permission android:name="android.permission.FOREGROUND_SERVICE_MEDIA_PLAYBACK" />
81-->[org.jitsi.react:jitsi-meet-sdk:11.4.0] AndroidManifest.xml:19:5-92
81-->[org.jitsi.react:jitsi-meet-sdk:11.4.0] AndroidManifest.xml:19:22-89
82
83    <uses-feature
83-->[org.jitsi.react:jitsi-meet-sdk:11.4.0] AndroidManifest.xml:23:5-25:35
84        android:glEsVersion="0x00020000"
84-->[org.jitsi.react:jitsi-meet-sdk:11.4.0] AndroidManifest.xml:24:9-41
85        android:required="true" />
85-->[org.jitsi.react:jitsi-meet-sdk:11.4.0] AndroidManifest.xml:25:9-32
86
87    <uses-permission android:name="android.permission.USE_BIOMETRIC" /> <!-- suppress DeprecatedClassUsageInspection -->
87-->[androidx.biometric:biometric:1.1.0] AndroidManifest.xml:24:5-72
87-->[androidx.biometric:biometric:1.1.0] AndroidManifest.xml:24:22-69
88    <uses-permission android:name="android.permission.USE_FINGERPRINT" />
88-->[androidx.biometric:biometric:1.1.0] AndroidManifest.xml:27:5-74
88-->[androidx.biometric:biometric:1.1.0] AndroidManifest.xml:27:22-71
89    <uses-permission android:name="android.permission.WRITE_CALENDAR" />
89-->[com.facebook.react:react-native-calendar-events:2.2.0-jitsi-21136611] AndroidManifest.xml:7:5-73
89-->[com.facebook.react:react-native-calendar-events:2.2.0-jitsi-21136611] AndroidManifest.xml:7:22-70
90    <uses-permission android:name="android.permission.READ_CALENDAR" /> <!-- Required by older versions of Google Play services to create IID tokens -->
90-->[com.facebook.react:react-native-calendar-events:2.2.0-jitsi-21136611] AndroidManifest.xml:8:5-72
90-->[com.facebook.react:react-native-calendar-events:2.2.0-jitsi-21136611] AndroidManifest.xml:8:22-69
91    <uses-permission android:name="com.google.android.c2dm.permission.RECEIVE" />
91-->[com.google.firebase:firebase-messaging:24.0.0] AndroidManifest.xml:26:5-82
91-->[com.google.firebase:firebase-messaging:24.0.0] AndroidManifest.xml:26:22-79
92    <uses-permission android:name="android.permission.RECEIVE_BOOT_COMPLETED" />
92-->[androidx.work:work-runtime:2.8.1] AndroidManifest.xml:25:5-81
92-->[androidx.work:work-runtime:2.8.1] AndroidManifest.xml:25:22-78
93
94    <uses-feature
94-->[org.maplibre.gl:android-sdk:10.0.2] AndroidManifest.xml:10:5-12:36
95        android:name="android.hardware.wifi"
95-->[org.maplibre.gl:android-sdk:10.0.2] AndroidManifest.xml:11:9-45
96        android:required="false" />
96-->[org.maplibre.gl:android-sdk:10.0.2] AndroidManifest.xml:12:9-33
97
98    <permission
98-->[androidx.core:core:1.16.0] AndroidManifest.xml:22:5-24:47
99        android:name="im.vector.app.debug.DYNAMIC_RECEIVER_NOT_EXPORTED_PERMISSION"
99-->[androidx.core:core:1.16.0] AndroidManifest.xml:23:9-81
100        android:protectionLevel="signature" />
100-->[androidx.core:core:1.16.0] AndroidManifest.xml:24:9-44
101
102    <uses-permission android:name="im.vector.app.debug.DYNAMIC_RECEIVER_NOT_EXPORTED_PERMISSION" />
102-->[androidx.core:core:1.16.0] AndroidManifest.xml:26:5-97
102-->[androidx.core:core:1.16.0] AndroidManifest.xml:26:22-94
103    <uses-permission android:name="android.permission.REORDER_TASKS" />
103-->[androidx.fragment:fragment-testing-manifest:1.8.6] AndroidManifest.xml:23:5-72
103-->[androidx.fragment:fragment-testing-manifest:1.8.6] AndroidManifest.xml:23:22-69
104
105    <application
106        android:name="im.vector.app.VectorApplication"
106-->src/main/AndroidManifest.xml:6:9-55
107        android:allowBackup="false"
107-->src/main/AndroidManifest.xml:7:9-36
108        android:appComponentFactory="androidx.core.app.CoreComponentFactory"
108-->[androidx.core:core:1.16.0] AndroidManifest.xml:28:18-86
109        android:dataExtractionRules="@xml/data_extraction_rules"
109-->src/main/AndroidManifest.xml:8:9-65
110        android:debuggable="true"
111        android:extractNativeLibs="true"
112        android:fullBackupContent="@xml/backup_rules"
112-->src/main/AndroidManifest.xml:9:9-54
113        android:hasFragileUserData="true"
113-->src/main/AndroidManifest.xml:10:9-42
114        android:icon="@mipmap/ic_launcher"
114-->src/main/AndroidManifest.xml:11:9-43
115        android:label="@string/app_name"
115-->src/main/AndroidManifest.xml:12:9-41
116        android:largeHeap="true"
116-->src/main/AndroidManifest.xml:13:9-33
117        android:networkSecurityConfig="@xml/network_security_config"
117-->src/main/AndroidManifest.xml:14:9-69
118        android:resizeableActivity="true"
118-->src/main/AndroidManifest.xml:15:9-42
119        android:roundIcon="@mipmap/ic_launcher_round"
119-->src/main/AndroidManifest.xml:16:9-54
120        android:supportsRtl="true"
120-->src/main/AndroidManifest.xml:17:9-35
121        android:taskAffinity="im.vector.app.debug.H_a9f1263f"
121-->src/main/AndroidManifest.xml:18:9-73
122        android:testOnly="true"
123        android:theme="@style/Theme.Vector.Light" >
123-->src/main/AndroidManifest.xml:19:9-50
124        <activity android:name="im.vector.app.features.debug.TestLinkifyActivity" />
124-->src/debug/AndroidManifest.xml:5:9-85
124-->src/debug/AndroidManifest.xml:5:19-82
125        <activity android:name="im.vector.app.features.debug.DebugPermissionActivity" />
125-->src/debug/AndroidManifest.xml:6:9-89
125-->src/debug/AndroidManifest.xml:6:19-86
126        <activity android:name="im.vector.app.features.debug.jitsi.DebugJitsiActivity" />
126-->src/debug/AndroidManifest.xml:7:9-90
126-->src/debug/AndroidManifest.xml:7:19-87
127        <activity android:name="im.vector.app.features.debug.analytics.DebugAnalyticsActivity" />
127-->src/debug/AndroidManifest.xml:8:9-98
127-->src/debug/AndroidManifest.xml:8:19-95
128        <activity android:name="im.vector.app.features.debug.settings.DebugPrivateSettingsActivity" />
128-->src/debug/AndroidManifest.xml:9:9-103
128-->src/debug/AndroidManifest.xml:9:19-100
129        <activity android:name="im.vector.app.features.debug.sas.DebugSasEmojiActivity" />
129-->src/debug/AndroidManifest.xml:10:9-91
129-->src/debug/AndroidManifest.xml:10:19-88
130        <activity android:name="im.vector.app.features.debug.features.DebugFeaturesSettingsActivity" />
130-->src/debug/AndroidManifest.xml:11:9-104
130-->src/debug/AndroidManifest.xml:11:19-101
131        <activity android:name="im.vector.app.features.debug.DebugMenuActivity" />
131-->src/debug/AndroidManifest.xml:12:9-83
131-->src/debug/AndroidManifest.xml:12:19-80
132        <activity android:name="im.vector.app.features.debug.leak.DebugMemoryLeaksActivity" />
132-->src/debug/AndroidManifest.xml:13:9-95
132-->src/debug/AndroidManifest.xml:13:19-92
133        <activity
133-->src/debug/AndroidManifest.xml:15:9-17:39
134            android:name="com.facebook.flipper.android.diagnostics.FlipperDiagnosticActivity"
134-->src/debug/AndroidManifest.xml:16:13-94
135            android:exported="true" />
135-->src/debug/AndroidManifest.xml:17:13-36
136
137        <!-- Firebase components -->
138        <meta-data
138-->src/gplay/AndroidManifest.xml:8:9-10:36
139            android:name="firebase_analytics_collection_deactivated"
139-->src/gplay/AndroidManifest.xml:9:13-69
140            android:value="true" /> <!-- Add tools:ignore="Instantiatable" for the error reported only by the CI :/ -->
140-->src/gplay/AndroidManifest.xml:10:13-33
141        <service
141-->src/gplay/AndroidManifest.xml:13:9-19:19
142            android:name="im.vector.app.push.fcm.VectorFirebaseMessagingService"
142-->src/gplay/AndroidManifest.xml:13:18-86
143            android:exported="false" >
143-->src/gplay/AndroidManifest.xml:14:13-37
144            <intent-filter>
144-->src/gplay/AndroidManifest.xml:16:13-18:29
145                <action android:name="com.google.firebase.MESSAGING_EVENT" />
145-->src/gplay/AndroidManifest.xml:17:17-78
145-->src/gplay/AndroidManifest.xml:17:25-75
146            </intent-filter>
147        </service>
148
149        <meta-data
149-->src/main/AndroidManifest.xml:23:9-25:63
150            android:name="android.content.APP_RESTRICTIONS"
150-->src/main/AndroidManifest.xml:24:13-60
151            android:resource="@xml/vector_app_restrictions" /> <!-- Providers -->
151-->src/main/AndroidManifest.xml:25:13-60
152        <!-- Remove WorkManagerInitializer Provider because we are using on-demand initialization of WorkManager -->
153        <provider
154            android:name="androidx.startup.InitializationProvider"
155            android:authorities="im.vector.app.debug.androidx-startup"
156            android:exported="false" >
157            <meta-data
157-->[org.jitsi.react:jitsi-meet-sdk:11.4.0] AndroidManifest.xml:68:13-70:52
158                android:name="org.jitsi.meet.sdk.JitsiInitializer"
158-->[org.jitsi.react:jitsi-meet-sdk:11.4.0] AndroidManifest.xml:69:17-67
159                android:value="androidx.startup" />
159-->[org.jitsi.react:jitsi-meet-sdk:11.4.0] AndroidManifest.xml:70:17-49
160            <meta-data
160-->[androidx.lifecycle:lifecycle-process:2.8.6] AndroidManifest.xml:29:13-31:52
161                android:name="androidx.lifecycle.ProcessLifecycleInitializer"
161-->[androidx.lifecycle:lifecycle-process:2.8.6] AndroidManifest.xml:30:17-78
162                android:value="androidx.startup" />
162-->[androidx.lifecycle:lifecycle-process:2.8.6] AndroidManifest.xml:31:17-49
163            <meta-data
163-->[androidx.profileinstaller:profileinstaller:1.3.1] AndroidManifest.xml:29:13-31:52
164                android:name="androidx.profileinstaller.ProfileInstallerInitializer"
164-->[androidx.profileinstaller:profileinstaller:1.3.1] AndroidManifest.xml:30:17-85
165                android:value="androidx.startup" />
165-->[androidx.profileinstaller:profileinstaller:1.3.1] AndroidManifest.xml:31:17-49
166        </provider>
167        <provider
168            android:name="androidx.core.content.FileProvider"
169            android:authorities="im.vector.app.debug.fileProvider"
170            android:exported="false"
171            android:grantUriPermissions="true" >
172            <meta-data
172-->[:matrix-sdk-android] AndroidManifest.xml:25:13-27:62
173                android:name="android.support.FILE_PROVIDER_PATHS"
173-->[:matrix-sdk-android] AndroidManifest.xml:26:17-67
174                android:resource="@xml/sdk_provider_paths" />
174-->[:matrix-sdk-android] AndroidManifest.xml:27:17-59
175        </provider> <!-- Sentry auto-initialization disable -->
176        <meta-data
176-->[:vector] AndroidManifest.xml:100:9-102:37
177            android:name="io.sentry.auto-init"
177-->[:vector] AndroidManifest.xml:101:13-47
178            android:value="false" /> <!-- No limit for screen ratio: avoid black strips -->
178-->[:vector] AndroidManifest.xml:102:13-34
179        <meta-data
179-->[:vector] AndroidManifest.xml:105:9-107:35
180            android:name="android.max_aspect"
180-->[:vector] AndroidManifest.xml:106:13-46
181            android:value="9.9" />
181-->[:vector] AndroidManifest.xml:107:13-32
182        <meta-data
182-->[:vector] AndroidManifest.xml:108:9-110:59
183            android:name="com.google.android.gms.car.application"
183-->[:vector] AndroidManifest.xml:109:13-66
184            android:resource="@xml/automotive_app_desc" />
184-->[:vector] AndroidManifest.xml:110:13-56
185
186        <activity
186-->[:vector] AndroidManifest.xml:112:9-114:60
187            android:name="im.vector.app.features.MainActivity"
187-->[:vector] AndroidManifest.xml:113:13-63
188            android:theme="@style/Theme.Vector.Launcher" /> <!-- Activity alias for the launcher Activity (must be declared after the Activity it targets) -->
188-->[:vector] AndroidManifest.xml:114:13-57
189        <!-- exported="true" is required to launch application -->
190        <activity-alias
190-->src/main/AndroidManifest.xml:29:9-42:26
191            android:name="im.vector.application.features.Alias"
191-->src/main/AndroidManifest.xml:30:13-43
192            android:exported="true"
192-->src/main/AndroidManifest.xml:31:13-36
193            android:targetActivity="im.vector.app.features.MainActivity" >
193-->src/main/AndroidManifest.xml:32:13-73
194            <intent-filter>
194-->src/main/AndroidManifest.xml:33:13-37:29
195                <action android:name="android.intent.action.MAIN" />
195-->src/main/AndroidManifest.xml:34:17-69
195-->src/main/AndroidManifest.xml:34:25-66
196
197                <category android:name="android.intent.category.LAUNCHER" />
197-->src/main/AndroidManifest.xml:36:17-77
197-->src/main/AndroidManifest.xml:36:27-74
198            </intent-filter>
199
200            <meta-data
200-->src/main/AndroidManifest.xml:39:13-41:53
201                android:name="android.app.shortcuts"
201-->src/main/AndroidManifest.xml:40:17-53
202                android:resource="@xml/shortcuts" />
202-->src/main/AndroidManifest.xml:41:17-50
203        </activity-alias>
204
205        <activity android:name="im.vector.app.features.home.HomeActivity" />
205-->[:vector] AndroidManifest.xml:115:9-77
205-->[:vector] AndroidManifest.xml:115:19-74
206        <activity
206-->[:vector] AndroidManifest.xml:116:9-132:20
207            android:name="im.vector.app.features.login.SSORedirectRouterActivity"
207-->[:vector] AndroidManifest.xml:117:13-82
208            android:exported="true"
208-->[:vector] AndroidManifest.xml:118:13-36
209            android:theme="@style/Theme.Vector.Black.Transparent" >
209-->[:vector] AndroidManifest.xml:119:13-66
210
211            <!-- Add intent filter to handle redirection URL after SSO login in external browser -->
212            <intent-filter>
212-->[:vector] AndroidManifest.xml:122:13-131:29
213                <action android:name="android.intent.action.VIEW" />
213-->[:vector] AndroidManifest.xml:91:13-65
213-->[:vector] AndroidManifest.xml:91:21-62
214
215                <category android:name="android.intent.category.DEFAULT" />
215-->[:vector] AndroidManifest.xml:125:17-76
215-->[:vector] AndroidManifest.xml:125:27-73
216                <category android:name="android.intent.category.BROWSABLE" />
216-->[:vector] AndroidManifest.xml:126:17-78
216-->[:vector] AndroidManifest.xml:126:27-75
217
218                <data
218-->[:vector] AndroidManifest.xml:93:13-44
219                    android:host="connect"
220                    android:scheme="element" />
221            </intent-filter>
222        </activity>
223        <activity
223-->[:vector] AndroidManifest.xml:133:9-136:58
224            android:name="im.vector.app.features.login.LoginActivity"
224-->[:vector] AndroidManifest.xml:134:13-70
225            android:launchMode="singleTask"
225-->[:vector] AndroidManifest.xml:135:13-44
226            android:windowSoftInputMode="adjustResize" />
226-->[:vector] AndroidManifest.xml:136:13-55
227        <activity
227-->[:vector] AndroidManifest.xml:137:9-140:58
228            android:name="im.vector.app.features.onboarding.OnboardingActivity"
228-->[:vector] AndroidManifest.xml:138:13-80
229            android:launchMode="singleTask"
229-->[:vector] AndroidManifest.xml:139:13-44
230            android:windowSoftInputMode="adjustResize" /> <!-- Add tools:ignore="Instantiatable" for the error reported only by CI :/ -->
230-->[:vector] AndroidManifest.xml:140:13-55
231        <activity
231-->[:vector] AndroidManifest.xml:143:9-146:45
232            android:name="im.vector.app.features.media.VectorAttachmentViewerActivity"
232-->[:vector] AndroidManifest.xml:144:13-87
233            android:theme="@style/Theme.Vector.Black.Transparent" />
233-->[:vector] AndroidManifest.xml:145:13-66
234        <activity android:name="im.vector.app.features.media.BigImageViewerActivity" />
234-->[:vector] AndroidManifest.xml:147:9-88
234-->[:vector] AndroidManifest.xml:147:19-85
235        <activity
235-->[:vector] AndroidManifest.xml:148:9-150:65
236            android:name="im.vector.app.features.rageshake.BugReportActivity"
236-->[:vector] AndroidManifest.xml:149:13-78
237            android:label="@string/title_activity_bug_report" />
237-->[:vector] AndroidManifest.xml:150:13-62
238        <activity
238-->[:vector] AndroidManifest.xml:151:9-154:58
239            android:name="im.vector.app.features.settings.VectorSettingsActivity"
239-->[:vector] AndroidManifest.xml:152:13-82
240            android:label="@string/title_activity_settings"
240-->[:vector] AndroidManifest.xml:153:13-60
241            android:windowSoftInputMode="adjustResize" />
241-->[:vector] AndroidManifest.xml:154:13-55
242        <activity
242-->[:vector] AndroidManifest.xml:155:9-157:72
243            android:name="im.vector.app.features.crypto.keysbackup.restore.KeysBackupRestoreActivity"
243-->[:vector] AndroidManifest.xml:156:13-102
244            android:label="@string/title_activity_keys_backup_setup" />
244-->[:vector] AndroidManifest.xml:157:13-69
245        <activity
245-->[:vector] AndroidManifest.xml:158:9-160:74
246            android:name="im.vector.app.features.crypto.keysbackup.setup.KeysBackupSetupActivity"
246-->[:vector] AndroidManifest.xml:159:13-98
247            android:label="@string/title_activity_keys_backup_restore" />
247-->[:vector] AndroidManifest.xml:160:13-71
248        <activity
248-->[:vector] AndroidManifest.xml:161:9-163:67
249            android:name="im.vector.app.features.crypto.keysbackup.settings.KeysBackupManageActivity"
249-->[:vector] AndroidManifest.xml:162:13-102
250            android:label="@string/encryption_message_recovery" />
250-->[:vector] AndroidManifest.xml:163:13-64
251        <activity
251-->[:vector] AndroidManifest.xml:164:9-166:76
252            android:name="im.vector.app.features.reactions.EmojiReactionPickerActivity"
252-->[:vector] AndroidManifest.xml:165:13-88
253            android:label="@string/title_activity_emoji_reaction_picker" />
253-->[:vector] AndroidManifest.xml:166:13-73
254        <activity android:name="im.vector.app.features.roomdirectory.createroom.CreateRoomActivity" />
254-->[:vector] AndroidManifest.xml:167:9-103
254-->[:vector] AndroidManifest.xml:167:19-100
255        <activity android:name="im.vector.app.features.roomdirectory.RoomDirectoryActivity" />
255-->[:vector] AndroidManifest.xml:168:9-95
255-->[:vector] AndroidManifest.xml:168:19-92
256        <activity android:name="im.vector.app.features.roomdirectory.roompreview.RoomPreviewActivity" />
256-->[:vector] AndroidManifest.xml:169:9-105
256-->[:vector] AndroidManifest.xml:169:19-102
257        <activity android:name="im.vector.app.features.home.room.filtered.FilteredRoomsActivity" />
257-->[:vector] AndroidManifest.xml:170:9-100
257-->[:vector] AndroidManifest.xml:170:19-97
258        <activity android:name="im.vector.app.features.home.room.threads.ThreadsActivity" />
258-->[:vector] AndroidManifest.xml:171:9-93
258-->[:vector] AndroidManifest.xml:171:19-90
259        <activity
259-->[:vector] AndroidManifest.xml:172:9-178:20
260            android:name="im.vector.app.features.home.room.detail.RoomDetailActivity"
260-->[:vector] AndroidManifest.xml:173:13-86
261            android:parentActivityName="im.vector.app.features.home.HomeActivity" >
261-->[:vector] AndroidManifest.xml:174:13-82
262            <meta-data
262-->[:vector] AndroidManifest.xml:175:13-177:63
263                android:name="android.support.PARENT_ACTIVITY"
263-->[:vector] AndroidManifest.xml:176:17-63
264                android:value=".features.home.HomeActivity" />
264-->[:vector] AndroidManifest.xml:177:17-60
265        </activity>
266        <activity android:name="im.vector.app.features.createdirect.CreateDirectRoomActivity" />
266-->[:vector] AndroidManifest.xml:179:9-97
266-->[:vector] AndroidManifest.xml:179:19-94
267        <activity android:name="im.vector.app.features.invite.InviteUsersToRoomActivity" />
267-->[:vector] AndroidManifest.xml:180:9-92
267-->[:vector] AndroidManifest.xml:180:19-89
268        <activity android:name="im.vector.app.features.webview.VectorWebViewActivity" /> <!-- Activity to intercept links coming from a web instance -->
268-->[:vector] AndroidManifest.xml:181:9-89
268-->[:vector] AndroidManifest.xml:181:19-86
269        <!-- exported="true" is required to handle android.intent.action.VIEW for URL redirection -->
270        <activity
270-->[:vector] AndroidManifest.xml:185:9-224:20
271            android:name="im.vector.app.features.link.LinkHandlerActivity"
271-->[:vector] AndroidManifest.xml:186:13-75
272            android:enabled="true"
272-->[:vector] AndroidManifest.xml:187:13-35
273            android:exported="true" >
273-->[:vector] AndroidManifest.xml:188:13-36
274            <intent-filter>
274-->[:vector] AndroidManifest.xml:189:13-197:29
275                <action android:name="android.intent.action.VIEW" />
275-->[:vector] AndroidManifest.xml:91:13-65
275-->[:vector] AndroidManifest.xml:91:21-62
276
277                <category android:name="android.intent.category.DEFAULT" />
277-->[:vector] AndroidManifest.xml:125:17-76
277-->[:vector] AndroidManifest.xml:125:27-73
278                <category android:name="android.intent.category.BROWSABLE" />
278-->[:vector] AndroidManifest.xml:126:17-78
278-->[:vector] AndroidManifest.xml:126:27-75
279
280                <data android:scheme="https" />
280-->[:vector] AndroidManifest.xml:93:13-44
281                <data android:host="riot.im" />
281-->[:vector] AndroidManifest.xml:93:13-44
282            </intent-filter>
283            <intent-filter android:autoVerify="true" >
283-->[:vector] AndroidManifest.xml:198:13-212:29
283-->[:vector] AndroidManifest.xml:198:28-53